\BOOKMARK [0][-]{chapter.1}{\376\377\000D\000o\000w\000n\000l\000o\000a\000d\000\040\000L\000i\000n\000k\000s}{}% 1
\BOOKMARK [0][-]{chapter.2}{\376\377\000T\000a\000b\000l\000e\000\040\000o\000f\000\040\000C\000o\000n\000t\000e\000n\000t\000s}{}% 2
\BOOKMARK [1][-]{section.2.1}{\376\377\000S\000e\000t\000u\000p}{chapter.2}% 3
\BOOKMARK [2][-]{subsection.2.1.1}{\376\377\000V\000i\000e\000w\000e\000r\000\040\000P\000C\000/\000M\000a\000c}{section.2.1}% 4
\BOOKMARK [2][-]{subsection.2.1.2}{\376\377\000G\000r\000a\000s\000h\000o\000p\000p\000e\000r\000\040\000P\000l\000u\000g\000i\000n}{section.2.1}% 5
\BOOKMARK [2][-]{subsection.2.1.3}{\376\377\000O\000c\000u\000l\000u\000s}{section.2.1}% 6
\BOOKMARK [2][-]{subsection.2.1.4}{\376\377\000T\000e\000c\000h\000n\000i\000c\000a\000l\000\040\000P\000r\000e\000r\000e\000q\000u\000i\000s\000i\000t\000e\000s}{section.2.1}% 7
\BOOKMARK [2][-]{subsection.2.1.5}{\376\377\000P\000r\000e\000p\000a\000r\000a\000t\000i\000o\000n\000,\000\040\000t\000i\000m\000e\000\040\000a\000n\000d\000\040\000i\000n\000f\000r\000a\000s\000t\000r\000u\000c\000t\000u\000r\000e}{section.2.1}% 8
\BOOKMARK [1][-]{section.2.2}{\376\377\000R\000a\000d\000i\000i\000\040\000V\000i\000e\000w\000e\000r\000\040\000O\000v\000e\000r\000v\000i\000e\000w}{chapter.2}% 9
\BOOKMARK [2][-]{subsection.2.2.1}{\376\377\000C\000o\000n\000n\000e\000c\000t\000\040\000M\000e\000n\000u}{section.2.2}% 10
\BOOKMARK [2][-]{subsection.2.2.2}{\376\377\000R\000e\000m\000o\000t\000e\000\040\000C\000o\000n\000t\000e\000n\000t\000\040\000M\000e\000n\000u}{section.2.2}% 11
\BOOKMARK [2][-]{subsection.2.2.3}{\376\377\000P\000u\000b\000l\000i\000s\000h\000\040\000M\000e\000n\000u}{section.2.2}% 12
\BOOKMARK [2][-]{subsection.2.2.4}{\376\377\000U\000s\000e\000r\000s\000\040\000M\000e\000n\000u}{section.2.2}% 13
\BOOKMARK [2][-]{subsection.2.2.5}{\376\377\000W\000o\000r\000l\000d\000\040\000M\000e\000n\000u}{section.2.2}% 14
\BOOKMARK [2][-]{subsection.2.2.6}{\376\377\000O\000p\000e\000r\000a\000t\000i\000o\000n\000\040\000M\000e\000n\000u}{section.2.2}% 15
\BOOKMARK [1][-]{section.2.3}{\376\377\000G\000r\000a\000s\000h\000o\000p\000p\000e\000r\000\040\000O\000v\000e\000r\000v\000i\000e\000w}{chapter.2}% 16
\BOOKMARK [2][-]{subsection.2.3.1}{\376\377\000G\000r\000a\000s\000h\000o\000p\000p\000e\000r\000\040\000C\000o\000m\000p\000o\000n\000e\000n\000t\000s}{section.2.3}% 17
\BOOKMARK [3][-]{subsubsection*.3}{\376\377\000C\000o\000n\000n\000e\000c\000t}{subsection.2.3.1}% 18
\BOOKMARK [3][-]{subsubsection*.4}{\376\377\000P\000u\000b\000l\000i\000s\000h\000G\000e\000o\000m\000e\000t\000r\000y}{subsection.2.3.1}% 19
\BOOKMARK [3][-]{subsubsection*.5}{\376\377\000P\000u\000b\000l\000i\000s\000h\000M\000a\000t\000e\000r\000i\000a\000l}{subsection.2.3.1}% 20
\BOOKMARK [3][-]{subsubsection*.6}{\376\377\000P\000u\000b\000l\000i\000s\000h\000S\000e\000c\000t\000i\000o\000n}{subsection.2.3.1}% 21
\BOOKMARK [3][-]{subsubsection*.7}{\376\377\000P\000u\000b\000l\000i\000s\000h\000C\000o\000n\000t\000r\000o\000l}{subsection.2.3.1}% 22
\BOOKMARK [4][-]{paragraph*.8}{\376\377\000S\000c\000e\000n\000a\000r\000i\000o\000\040\000M\000a\000n\000a\000g\000e\000r}{subsubsection*.7}% 23
\BOOKMARK [3][-]{subsubsection*.9}{\376\377\000P\000u\000b\000l\000i\000s\000h\000V\000i\000e\000w}{subsection.2.3.1}% 24
\BOOKMARK [3][-]{subsubsection*.10}{\376\377\000P\000u\000b\000l\000i\000s\000h\000P\000o\000i\000n\000t\000c\000l\000o\000u\000d}{subsection.2.3.1}% 25
\BOOKMARK [3][-]{subsubsection*.11}{\376\377\000P\000u\000b\000l\000i\000s\000h\000A\000n\000i\000m\000a\000t\000i\000o\000n}{subsection.2.3.1}% 26
\BOOKMARK [3][-]{subsubsection*.12}{\376\377\000P\000u\000b\000l\000i\000s\000h\000C\000u\000r\000v\000e}{subsection.2.3.1}% 27
\BOOKMARK [3][-]{subsubsection*.13}{\376\377\000P\000u\000b\000l\000i\000s\000h\000M\000e\000s\000s\000a\000g\000e}{subsection.2.3.1}% 28
\BOOKMARK [3][-]{subsubsection*.14}{\376\377\000S\000a\000v\000e\000C\000o\000n\000t\000e\000n\000t}{subsection.2.3.1}% 29
\BOOKMARK [3][-]{subsubsection*.15}{\376\377\000S\000u\000b\000s\000c\000r\000i\000b\000e\000C\000u\000r\000v\000e}{subsection.2.3.1}% 30
\BOOKMARK [3][-]{subsubsection*.16}{\376\377\000S\000u\000b\000s\000c\000r\000i\000b\000e\000M\000e\000s\000s\000a\000g\000e\000s}{subsection.2.3.1}% 31
\BOOKMARK [3][-]{subsubsection*.17}{\376\377\000S\000u\000b\000s\000c\000r\000i\000b\000e\000P\000o\000i\000n\000t\000C\000l\000o\000u\000d}{subsection.2.3.1}% 32
\BOOKMARK [3][-]{subsubsection*.18}{\376\377\000S\000u\000b\000s\000c\000r\000i\000b\000e\000G\000e\000o\000m\000e\000t\000r\000y}{subsection.2.3.1}% 33
\BOOKMARK [3][-]{subsubsection*.19}{\376\377\000S\000u\000b\000s\000c\000r\000i\000b\000e\000P\000a\000r\000a\000m\000e\000t\000e\000r}{subsection.2.3.1}% 34
\BOOKMARK [3][-]{subsubsection*.20}{\376\377\000S\000u\000b\000s\000c\000r\000i\000b\000e\000U\000s\000e\000r}{subsection.2.3.1}% 35
\BOOKMARK [3][-]{subsubsection*.21}{\376\377\000P\000o\000i\000n\000t\000C\000l\000o\000u\000d\000R\000e\000d\000u\000c\000e\000\040\000\046\000\040\000S\000u\000b\000s\000e\000t\000P\000o\000i\000n\000t\000C\000l\000o\000u\000d}{subsection.2.3.1}% 36
\BOOKMARK [4][-]{paragraph*.22}{\376\377\000R\000e\000d\000u\000c\000e\000P\000o\000i\000n\000t\000C\000l\000o\000u\000d}{subsubsection*.21}% 37
\BOOKMARK [4][-]{paragraph*.23}{\376\377\000S\000u\000b\000s\000e\000t\000P\000o\000i\000n\000t\000C\000l\000o\000u\000d}{subsubsection*.21}% 38
\BOOKMARK [3][-]{subsubsection*.24}{\376\377\0001\0000\000\040\000R\000u\000l\000e\000s\000\040\000f\000o\000r\000\040\000w\000o\000r\000k\000i\000n\000g\000\040\000w\000i\000t\000h\000\040\000g\000e\000o\000m\000e\000t\000r\000y}{subsection.2.3.1}% 39
\BOOKMARK [1][-]{section.2.4}{\376\377\000T\000u\000t\000o\000r\000i\000a\000l\000s}{chapter.2}% 40
\BOOKMARK [2][-]{subsection.2.4.1}{\376\377\000L\000V\000\040\000E\000x\000p\000l\000o\000r\000a\000t\000i\000o\000n\000\040\000t\000u\000t\000o\000r\000i\000a\000l}{section.2.4}% 41
\BOOKMARK [2][-]{subsection.2.4.2}{\376\377\000L\000V\000\040\000T\000h\000e\000\040\000s\000i\000m\000p\000l\000e\000\040\000r\000e\000v\000i\000e\000w\000\040\000t\000u\000t\000o\000r\000i\000a\000l}{section.2.4}% 42
\BOOKMARK [2][-]{subsection.2.4.3}{\376\377\000L\000v\000\040\000P\000r\000e\000s\000e\000n\000t\000a\000t\000i\000o\000n\000\040\000\046\000\040\000S\000t\000o\000r\000y\000\040\000t\000u\000t\000o\000r\000i\000a\000l}{section.2.4}% 43
\BOOKMARK [2][-]{subsection.2.4.4}{\376\377\000L\000v\000\040\000C\000o\000l\000l\000a\000b\000o\000r\000a\000t\000i\000v\000e\000\040\000t\000u\000t\000o\000r\000i\000a\000l}{section.2.4}% 44
\BOOKMARK [2][-]{subsection.2.4.5}{\376\377\000D\000e\000s\000i\000g\000n\000\040\000p\000r\000o\000j\000e\000c\000t\000\040\000d\000o\000c\000u\000m\000e\000n\000t\000a\000t\000i\000o\000n}{section.2.4}% 45
\BOOKMARK [0][-]{chapter.3}{\376\377\000I\000n\000d\000i\000c\000e\000s\000\040\000a\000n\000d\000\040\000t\000a\000b\000l\000e\000s}{}% 46
